<?xml version="1.0" encoding="UTF-8"?>
<!-- Generated by org.testng.reporters.JUnitXMLReporter -->
<testsuite ignored="1" hostname="DESKTOP-TJ2MT2U" failures="0" tests="6" name="Default test" time="0.169" errors="0" timestamp="2023-11-25T16:01:27 IST">
  <testcase classname="com.TestNG.Annotations1" name="gmailApplicationLlaunch" time="0.023"/>
  <testcase classname="com.TestNG.Annotations1" name="gmailApplicationLogInTest" time="0.004"/>
  <testcase classname="com.TestNG.Annotations1" name="gmailApplicationInBoxTest" time="0.003"/>
  <testcase classname="com.TestNG.Annotations1" name="gmailApplicationComposeMailTest" time="0.002"/>
  <testcase classname="com.TestNG.Annotations1" name="GmailApplicationSentMailTest" time="0.002"/>
  <testcase classname="com.TestNG.Annotations1" name="GmailApplicationClose" time="0.008"/>
  <testcase classname="com.TestNG.Annotations1" name="gmailApplicationDraftsMailTest" time="0.0">
    <ignored/>
  </testcase> <!-- gmailApplicationDraftsMailTest -->
</testsuite> <!-- Default test -->
